[2026-05-28 07:28:57] [INFO] [org.hibernate.validator.internal.util.Version] - HV000001: Hibernate Validator 9.0.1.Final
[2026-05-28 07:28:57] [INFO] [org.example.kt.KtApplication] - Starting KtApplication using Java 21.0.7 with PID 13028 (C:\Users\HP\IT203_Java\Baitap_java_web_service\session13\kt\build\classes\java\main started by HP in C:\Users\HP\IT203_Java\Baitap_java_web_service\session13\kt)
[2026-05-28 07:28:57] [INFO] [org.example.kt.KtApplication] - No active profile set, falling back to 1 default profile: "default"
[2026-05-28 07:28:57] [INFO] [org.springframework.boot.devtools.env.DevToolsPropertyDefaultsPostProcessor] - Devtools property defaults active! Set 'spring.devtools.add-properties' to 'false' to disable
[2026-05-28 07:28:57] [INFO] [org.springframework.boot.devtools.env.DevToolsPropertyDefaultsPostProcessor] - For additional web related logging consider setting the 'logging.level.web' property to 'DEBUG'
[2026-05-28 07:28:59] [INFO] [org.springframework.data.repository.config.RepositoryConfigurationDelegate] - Bootstrapping Spring Data JPA repositories in DEFAULT mode.
[2026-05-28 07:28:59] [INFO] [org.springframework.data.repository.config.RepositoryConfigurationDelegate] - Finished Spring Data repository scanning in 123 ms. Found 1 JPA repository interface.
[2026-05-28 07:29:00] [INFO] [org.springframework.boot.tomcat.TomcatWebServer] - Tomcat initialized with port 8080 (http)
[2026-05-28 07:29:01] [INFO] [org.apache.coyote.http11.Http11NioProtocol] - Initializing ProtocolHandler ["http-nio-8080"]
[2026-05-28 07:29:01] [INFO] [org.apache.catalina.core.StandardService] - Starting service [Tomcat]
[2026-05-28 07:29:01] [INFO] [org.apache.catalina.core.StandardEngine] - Starting Servlet engine: [Apache Tomcat/11.0.21]
[2026-05-28 07:29:01] [INFO] [org.springframework.boot.web.context.servlet.WebApplicationContextInitializer] - Root WebApplicationContext: initialization completed in 3784 ms
[2026-05-28 07:29:01] [INFO] [org.hibernate.orm.jpa] - HHH008540: Processing PersistenceUnitInfo [name: default]
[2026-05-28 07:29:01] [INFO] [org.hibernate.orm.core] - HHH000001: Hibernate ORM core version 7.2.12.Final
[2026-05-28 07:29:03] [INFO] [org.springframework.orm.jpa.persistenceunit.SpringPersistenceUnitInfo] - No LoadTimeWeaver setup: ignoring JPA class transformer
[2026-05-28 07:29:03] [INFO] [com.zaxxer.hikari.HikariDataSource] - HikariPool-1 - Starting...
[2026-05-28 07:29:05] [INFO] [com.zaxxer.hikari.pool.HikariPool] - HikariPool-1 - Added connection com.mysql.cj.jdbc.ConnectionImpl@36bc46fd
[2026-05-28 07:29:05] [INFO] [com.zaxxer.hikari.HikariDataSource] - HikariPool-1 - Start completed.
[2026-05-28 07:29:05] [INFO] [org.hibernate.orm.connections.pooling] - HHH10001005: Database info:
	Database JDBC URL [jdbc:mysql://localhost:3306/library_db?createDatabaseIfNotExist=true]
	Database driver: MySQL Connector/J
	Database dialect: MySQLDialect
	Database version: 8.0.45
	Default catalog/schema: library_db/undefined
	Autocommit mode: undefined/unknown
	Isolation level: REPEATABLE_READ [default REPEATABLE_READ]
	JDBC fetch size: none
	Pool: DataSourceConnectionProvider
	Minimum pool size: undefined/unknown
	Maximum pool size: undefined/unknown
[2026-05-28 07:29:08] [INFO] [org.hibernate.orm.core] - HHH000489: No JTA platform available (set 'hibernate.transaction.jta.platform' to enable JTA platform integration)
[2026-05-28 07:29:08] [INFO] [org.springframework.orm.jpa.LocalContainerEntityManagerFactoryBean] - Initialized JPA EntityManagerFactory for persistence unit 'default'
[2026-05-28 07:29:09] [INFO] [org.springframework.data.jpa.repository.query.QueryEnhancerFactories] - Hibernate is in classpath; If applicable, HQL parser will be used.
[2026-05-28 07:29:09] [WARN] [org.springframework.boot.jpa.autoconfigure.JpaBaseConfiguration$JpaWebConfiguration] - spring.jpa.open-in-view is enabled by default. Therefore, database queries may be performed during view rendering. Explicitly configure spring.jpa.open-in-view to disable this warning
[2026-05-28 07:29:11] [INFO] [org.apache.coyote.http11.Http11NioProtocol] - Starting ProtocolHandler ["http-nio-8080"]
[2026-05-28 07:29:11] [INFO] [org.springframework.boot.tomcat.TomcatWebServer] - Tomcat started on port 8080 (http) with context path '/'
[2026-05-28 07:29:11] [INFO] [org.example.kt.KtApplication] - Started KtApplication in 16.168 seconds (process running for 18.813)
[2026-05-28 07:29:34] [INFO] [org.apache.catalina.core.ContainerBase.[Tomcat].[localhost].[/]] - Initializing Spring DispatcherServlet 'dispatcherServlet'
[2026-05-28 07:29:34] [INFO] [org.springframework.web.servlet.DispatcherServlet] - Initializing Servlet 'dispatcherServlet'
[2026-05-28 07:29:34] [INFO] [org.springframework.web.servlet.DispatcherServlet] - Completed initialization in 45 ms
[2026-05-28 07:29:35] [INFO] [org.example.kt.aspect.BookServiceAspect] - Method: getAllBooks called with args: []
[2026-05-28 07:29:36] [INFO] [org.example.kt.service.impl.BookServiceImpl] - Get all books success
[2026-05-28 07:29:36] [INFO] [org.example.kt.aspect.BookServiceAspect] - Method: getAllBooks returned: []
[2026-05-28 07:32:19] [INFO] [org.example.kt.aspect.BookServiceAspect] - Method: createBook called with args: [Book(id=null, title=jnksdn, author=null, category=truyện, quantity=5)]
[2026-05-28 07:32:19] [INFO] [org.example.kt.service.impl.BookServiceImpl] - Create book success
[2026-05-28 07:32:19] [INFO] [org.example.kt.aspect.BookServiceAspect] - Method: createBook returned: Book(id=1, title=jnksdn, author=null, category=truyện, quantity=5)
[2026-05-28 07:32:40] [INFO] [org.example.kt.aspect.BookServiceAspect] - Method: createBook called with args: [Book(id=null, title=kaldh, author=null, category=cổ tích, quantity=10)]
[2026-05-28 07:32:40] [INFO] [org.example.kt.service.impl.BookServiceImpl] - Create book success
[2026-05-28 07:32:40] [INFO] [org.example.kt.aspect.BookServiceAspect] - Method: createBook returned: Book(id=2, title=kaldh, author=null, category=cổ tích, quantity=10)
[2026-05-28 07:32:51] [INFO] [org.example.kt.aspect.BookServiceAspect] - Method: getAllBooks called with args: []
[2026-05-28 07:32:51] [INFO] [org.example.kt.service.impl.BookServiceImpl] - Get all books success
[2026-05-28 07:32:51] [INFO] [org.example.kt.aspect.BookServiceAspect] - Method: getAllBooks returned: [Book(id=1, title=jnksdn, author=null, category=truyện, quantity=5), Book(id=2, title=kaldh, author=null, category=cổ tích, quantity=10)]
[2026-05-28 07:33:11] [INFO] [org.example.kt.aspect.BookServiceAspect] - Method: getBookById called with args: [1]
[2026-05-28 07:33:11] [INFO] [org.example.kt.aspect.BookServiceAspect] - Method: getBookById returned: Book(id=1, title=jnksdn, author=null, category=truyện, quantity=5)
[2026-05-28 07:33:17] [INFO] [org.example.kt.aspect.BookServiceAspect] - Method: getBookById called with args: [3]
[2026-05-28 07:33:17] [ERROR] [org.example.kt.service.impl.BookServiceImpl] - Book not found with id 3
[2026-05-28 07:33:17] [ERROR] [org.example.kt.aspect.BookServiceAspect] - Method: getBookById threw exception: Book not found
[2026-05-28 07:33:17] [WARN] [org.springframework.web.servlet.mvc.method.annotation.ExceptionHandlerExceptionResolver] - Resolved [org.example.kt.exception.BookNotFoundException: Book not found]
[2026-05-28 07:34:01] [INFO] [org.springframework.boot.devtools.autoconfigure.LocalDevToolsAutoConfiguration$RestartingClassPathChangeChangedEventListener] - Restarting due to 1 class path change (0 additions, 1 deletion, 0 modifications)
[2026-05-28 07:34:01] [INFO] [org.springframework.boot.tomcat.GracefulShutdown] - Commencing graceful shutdown. Waiting for active requests to complete
[2026-05-28 07:34:01] [INFO] [org.apache.coyote.http11.Http11NioProtocol] - Pausing ProtocolHandler ["http-nio-8080"]
[2026-05-28 07:34:01] [INFO] [org.springframework.boot.tomcat.GracefulShutdown] - Graceful shutdown complete
[2026-05-28 07:34:01] [INFO] [org.apache.coyote.http11.Http11NioProtocol] - Stopping ProtocolHandler ["http-nio-8080"]
[2026-05-28 07:34:01] [INFO] [org.springframework.orm.jpa.LocalContainerEntityManagerFactoryBean] - Closing JPA EntityManagerFactory for persistence unit 'default'
[2026-05-28 07:34:01] [INFO] [com.zaxxer.hikari.HikariDataSource] - HikariPool-1 - Shutdown initiated...
[2026-05-28 07:34:01] [INFO] [com.zaxxer.hikari.HikariDataSource] - HikariPool-1 - Shutdown completed.
[2026-05-28 07:34:01] [INFO] [org.example.kt.KtApplication] - Starting KtApplication using Java 21.0.7 with PID 13028 (C:\Users\HP\IT203_Java\Baitap_java_web_service\session13\kt\build\classes\java\main started by HP in C:\Users\HP\IT203_Java\Baitap_java_web_service\session13\kt)
[2026-05-28 07:34:01] [INFO] [org.example.kt.KtApplication] - No active profile set, falling back to 1 default profile: "default"
[2026-05-28 07:34:02] [INFO] [org.springframework.data.repository.config.RepositoryConfigurationDelegate] - Bootstrapping Spring Data JPA repositories in DEFAULT mode.
[2026-05-28 07:34:02] [INFO] [org.springframework.data.repository.config.RepositoryConfigurationDelegate] - Finished Spring Data repository scanning in 48 ms. Found 1 JPA repository interface.
[2026-05-28 07:34:03] [INFO] [org.springframework.boot.tomcat.TomcatWebServer] - Tomcat initialized with port 8080 (http)
[2026-05-28 07:34:03] [INFO] [org.apache.coyote.http11.Http11NioProtocol] - Initializing ProtocolHandler ["http-nio-8080"]
[2026-05-28 07:34:03] [INFO] [org.apache.catalina.core.StandardService] - Starting service [Tomcat]
[2026-05-28 07:34:03] [INFO] [org.apache.catalina.core.StandardEngine] - Starting Servlet engine: [Apache Tomcat/11.0.21]
[2026-05-28 07:34:03] [INFO] [org.springframework.boot.web.context.servlet.WebApplicationContextInitializer] - Root WebApplicationContext: initialization completed in 1185 ms
[2026-05-28 07:34:03] [INFO] [org.hibernate.orm.jpa] - HHH008540: Processing PersistenceUnitInfo [name: default]
[2026-05-28 07:34:03] [INFO] [org.springframework.orm.jpa.persistenceunit.SpringPersistenceUnitInfo] - No LoadTimeWeaver setup: ignoring JPA class transformer
[2026-05-28 07:34:03] [INFO] [com.zaxxer.hikari.HikariDataSource] - HikariPool-2 - Starting...
[2026-05-28 07:34:03] [INFO] [com.zaxxer.hikari.pool.HikariPool] - HikariPool-2 - Added connection com.mysql.cj.jdbc.ConnectionImpl@6e94c321
[2026-05-28 07:34:03] [INFO] [com.zaxxer.hikari.HikariDataSource] - HikariPool-2 - Start completed.
[2026-05-28 07:34:03] [INFO] [org.hibernate.orm.connections.pooling] - HHH10001005: Database info:
	Database JDBC URL [jdbc:mysql://localhost:3306/library_db?createDatabaseIfNotExist=true]
	Database driver: MySQL Connector/J
	Database dialect: MySQLDialect
	Database version: 8.0.45
	Default catalog/schema: library_db/undefined
	Autocommit mode: undefined/unknown
	Isolation level: REPEATABLE_READ [default REPEATABLE_READ]
	JDBC fetch size: none
	Pool: DataSourceConnectionProvider
	Minimum pool size: undefined/unknown
	Maximum pool size: undefined/unknown
[2026-05-28 07:34:03] [INFO] [org.hibernate.orm.core] - HHH000489: No JTA platform available (set 'hibernate.transaction.jta.platform' to enable JTA platform integration)
[2026-05-28 07:34:03] [INFO] [org.springframework.orm.jpa.LocalContainerEntityManagerFactoryBean] - Initialized JPA EntityManagerFactory for persistence unit 'default'
[2026-05-28 07:34:03] [WARN] [org.springframework.boot.web.server.servlet.context.AnnotationConfigServletWebServerApplicationContext] - Exception encountered during context initialization - cancelling refresh attempt: org.springframework.beans.factory.UnsatisfiedDependencyException: Error creating bean with name 'bookController' defined in file [C:\Users\HP\IT203_Java\Baitap_java_web_service\session13\kt\build\classes\java\main\org\example\kt\controller\BookController.class]: Unsatisfied dependency expressed through constructor parameter 0: No qualifying bean of type 'org.example.kt.service.BookService' available: expected at least 1 bean which qualifies as autowire candidate. Dependency annotations: {}
[2026-05-28 07:34:03] [INFO] [org.springframework.orm.jpa.LocalContainerEntityManagerFactoryBean] - Closing JPA EntityManagerFactory for persistence unit 'default'
[2026-05-28 07:34:03] [INFO] [com.zaxxer.hikari.HikariDataSource] - HikariPool-2 - Shutdown initiated...
[2026-05-28 07:34:03] [INFO] [com.zaxxer.hikari.HikariDataSource] - HikariPool-2 - Shutdown completed.
[2026-05-28 07:34:03] [INFO] [org.apache.catalina.core.StandardService] - Stopping service [Tomcat]
[2026-05-28 07:34:03] [INFO] [org.springframework.boot.autoconfigure.logging.ConditionEvaluationReportLogger] - 

Error starting ApplicationContext. To display the condition evaluation report re-run your application with 'debug' enabled.
[2026-05-28 07:34:03] [ERROR] [org.springframework.boot.diagnostics.LoggingFailureAnalysisReporter] - 

***************************
APPLICATION FAILED TO START
***************************

Description:

Parameter 0 of constructor in org.example.kt.controller.BookController required a bean of type 'org.example.kt.service.BookService' that could not be found.


Action:

Consider defining a bean of type 'org.example.kt.service.BookService' in your configuration.

[2026-05-28 07:34:08] [INFO] [org.example.kt.KtApplication] - Starting KtApplication using Java 21.0.7 with PID 13028 (C:\Users\HP\IT203_Java\Baitap_java_web_service\session13\kt\build\classes\java\main started by HP in C:\Users\HP\IT203_Java\Baitap_java_web_service\session13\kt)
[2026-05-28 07:34:08] [INFO] [org.example.kt.KtApplication] - No active profile set, falling back to 1 default profile: "default"
[2026-05-28 07:34:08] [INFO] [org.springframework.data.repository.config.RepositoryConfigurationDelegate] - Bootstrapping Spring Data JPA repositories in DEFAULT mode.
[2026-05-28 07:34:08] [INFO] [org.springframework.data.repository.config.RepositoryConfigurationDelegate] - Finished Spring Data repository scanning in 23 ms. Found 1 JPA repository interface.
[2026-05-28 07:34:09] [INFO] [org.springframework.boot.tomcat.TomcatWebServer] - Tomcat initialized with port 8080 (http)
[2026-05-28 07:34:09] [INFO] [org.apache.coyote.http11.Http11NioProtocol] - Initializing ProtocolHandler ["http-nio-8080"]
[2026-05-28 07:34:09] [INFO] [org.apache.catalina.core.StandardService] - Starting service [Tomcat]
[2026-05-28 07:34:09] [INFO] [org.apache.catalina.core.StandardEngine] - Starting Servlet engine: [Apache Tomcat/11.0.21]
[2026-05-28 07:34:09] [INFO] [org.springframework.boot.web.context.servlet.WebApplicationContextInitializer] - Root WebApplicationContext: initialization completed in 520 ms
[2026-05-28 07:34:09] [INFO] [org.hibernate.orm.jpa] - HHH008540: Processing PersistenceUnitInfo [name: default]
[2026-05-28 07:34:09] [INFO] [org.springframework.orm.jpa.persistenceunit.SpringPersistenceUnitInfo] - No LoadTimeWeaver setup: ignoring JPA class transformer
[2026-05-28 07:34:09] [INFO] [com.zaxxer.hikari.HikariDataSource] - HikariPool-3 - Starting...
[2026-05-28 07:34:09] [INFO] [com.zaxxer.hikari.pool.HikariPool] - HikariPool-3 - Added connection com.mysql.cj.jdbc.ConnectionImpl@75758864
[2026-05-28 07:34:09] [INFO] [com.zaxxer.hikari.HikariDataSource] - HikariPool-3 - Start completed.
[2026-05-28 07:34:09] [INFO] [org.hibernate.orm.connections.pooling] - HHH10001005: Database info:
	Database JDBC URL [jdbc:mysql://localhost:3306/library_db?createDatabaseIfNotExist=true]
	Database driver: MySQL Connector/J
	Database dialect: MySQLDialect
	Database version: 8.0.45
	Default catalog/schema: library_db/undefined
	Autocommit mode: undefined/unknown
	Isolation level: REPEATABLE_READ [default REPEATABLE_READ]
	JDBC fetch size: none
	Pool: DataSourceConnectionProvider
	Minimum pool size: undefined/unknown
	Maximum pool size: undefined/unknown
[2026-05-28 07:34:09] [INFO] [org.hibernate.orm.core] - HHH000489: No JTA platform available (set 'hibernate.transaction.jta.platform' to enable JTA platform integration)
[2026-05-28 07:34:09] [INFO] [org.springframework.orm.jpa.LocalContainerEntityManagerFactoryBean] - Initialized JPA EntityManagerFactory for persistence unit 'default'
[2026-05-28 07:34:09] [WARN] [org.springframework.boot.jpa.autoconfigure.JpaBaseConfiguration$JpaWebConfiguration] - spring.jpa.open-in-view is enabled by default. Therefore, database queries may be performed during view rendering. Explicitly configure spring.jpa.open-in-view to disable this warning
[2026-05-28 07:34:10] [INFO] [org.apache.coyote.http11.Http11NioProtocol] - Starting ProtocolHandler ["http-nio-8080"]
[2026-05-28 07:34:10] [INFO] [org.springframework.boot.tomcat.TomcatWebServer] - Tomcat started on port 8080 (http) with context path '/'
[2026-05-28 07:34:10] [INFO] [org.example.kt.KtApplication] - Started KtApplication in 1.595 seconds (process running for 317.404)
[2026-05-28 07:34:10] [INFO] [org.springframework.boot.devtools.autoconfigure.ConditionEvaluationDeltaLoggingListener] - Condition evaluation unchanged
[2026-05-28 07:34:13] [INFO] [org.springframework.boot.tomcat.GracefulShutdown] - Commencing graceful shutdown. Waiting for active requests to complete
[2026-05-28 07:34:13] [INFO] [org.springframework.boot.tomcat.GracefulShutdown] - Graceful shutdown complete
[2026-05-28 07:34:13] [INFO] [org.springframework.orm.jpa.LocalContainerEntityManagerFactoryBean] - Closing JPA EntityManagerFactory for persistence unit 'default'
[2026-05-28 07:34:13] [INFO] [com.zaxxer.hikari.HikariDataSource] - HikariPool-3 - Shutdown initiated...
[2026-05-28 07:34:13] [INFO] [com.zaxxer.hikari.HikariDataSource] - HikariPool-3 - Shutdown completed.
[2026-05-28 07:38:08] [INFO] [org.hibernate.validator.internal.util.Version] - HV000001: Hibernate Validator 9.0.1.Final
[2026-05-28 07:38:08] [INFO] [org.example.kt.KtApplication] - Starting KtApplication using Java 21.0.7 with PID 17732 (C:\Users\HP\IT203_Java\Baitap_java_web_service\session13\kt\build\classes\java\main started by HP in C:\Users\HP\IT203_Java\Baitap_java_web_service\session13\kt)
[2026-05-28 07:38:08] [INFO] [org.example.kt.KtApplication] - No active profile set, falling back to 1 default profile: "default"
[2026-05-28 07:38:08] [INFO] [org.springframework.boot.devtools.env.DevToolsPropertyDefaultsPostProcessor] - Devtools property defaults active! Set 'spring.devtools.add-properties' to 'false' to disable
[2026-05-28 07:38:08] [INFO] [org.springframework.boot.devtools.env.DevToolsPropertyDefaultsPostProcessor] - For additional web related logging consider setting the 'logging.level.web' property to 'DEBUG'
[2026-05-28 07:38:09] [INFO] [org.springframework.data.repository.config.RepositoryConfigurationDelegate] - Bootstrapping Spring Data JPA repositories in DEFAULT mode.
[2026-05-28 07:38:09] [INFO] [org.springframework.data.repository.config.RepositoryConfigurationDelegate] - Finished Spring Data repository scanning in 91 ms. Found 1 JPA repository interface.
[2026-05-28 07:38:10] [INFO] [org.springframework.boot.tomcat.TomcatWebServer] - Tomcat initialized with port 8080 (http)
[2026-05-28 07:38:10] [INFO] [org.apache.coyote.http11.Http11NioProtocol] - Initializing ProtocolHandler ["http-nio-8080"]
[2026-05-28 07:38:10] [INFO] [org.apache.catalina.core.StandardService] - Starting service [Tomcat]
[2026-05-28 07:38:10] [INFO] [org.apache.catalina.core.StandardEngine] - Starting Servlet engine: [Apache Tomcat/11.0.21]
[2026-05-28 07:38:10] [INFO] [org.springframework.boot.web.context.servlet.WebApplicationContextInitializer] - Root WebApplicationContext: initialization completed in 2208 ms
[2026-05-28 07:38:11] [INFO] [org.hibernate.orm.jpa] - HHH008540: Processing PersistenceUnitInfo [name: default]
[2026-05-28 07:38:11] [INFO] [org.hibernate.orm.core] - HHH000001: Hibernate ORM core version 7.2.12.Final
[2026-05-28 07:38:12] [INFO] [org.springframework.orm.jpa.persistenceunit.SpringPersistenceUnitInfo] - No LoadTimeWeaver setup: ignoring JPA class transformer
[2026-05-28 07:38:12] [INFO] [com.zaxxer.hikari.HikariDataSource] - HikariPool-1 - Starting...
[2026-05-28 07:38:12] [INFO] [com.zaxxer.hikari.pool.HikariPool] - HikariPool-1 - Added connection com.mysql.cj.jdbc.ConnectionImpl@13269cc7
[2026-05-28 07:38:12] [INFO] [com.zaxxer.hikari.HikariDataSource] - HikariPool-1 - Start completed.
[2026-05-28 07:38:12] [INFO] [org.hibernate.orm.connections.pooling] - HHH10001005: Database info:
	Database JDBC URL [jdbc:mysql://localhost:3306/library_db?createDatabaseIfNotExist=true]
	Database driver: MySQL Connector/J
	Database dialect: MySQLDialect
	Database version: 8.0.45
	Default catalog/schema: library_db/undefined
	Autocommit mode: undefined/unknown
	Isolation level: REPEATABLE_READ [default REPEATABLE_READ]
	JDBC fetch size: none
	Pool: DataSourceConnectionProvider
	Minimum pool size: undefined/unknown
	Maximum pool size: undefined/unknown
[2026-05-28 07:38:14] [INFO] [org.hibernate.orm.core] - HHH000489: No JTA platform available (set 'hibernate.transaction.jta.platform' to enable JTA platform integration)
[2026-05-28 07:38:14] [INFO] [org.springframework.orm.jpa.LocalContainerEntityManagerFactoryBean] - Initialized JPA EntityManagerFactory for persistence unit 'default'
[2026-05-28 07:38:14] [INFO] [org.springframework.data.jpa.repository.query.QueryEnhancerFactories] - Hibernate is in classpath; If applicable, HQL parser will be used.
[2026-05-28 07:38:15] [WARN] [org.springframework.boot.jpa.autoconfigure.JpaBaseConfiguration$JpaWebConfiguration] - spring.jpa.open-in-view is enabled by default. Therefore, database queries may be performed during view rendering. Explicitly configure spring.jpa.open-in-view to disable this warning
[2026-05-28 07:38:16] [INFO] [org.apache.coyote.http11.Http11NioProtocol] - Starting ProtocolHandler ["http-nio-8080"]
[2026-05-28 07:38:16] [INFO] [org.springframework.boot.tomcat.TomcatWebServer] - Tomcat started on port 8080 (http) with context path '/'
[2026-05-28 07:38:16] [INFO] [org.example.kt.KtApplication] - Started KtApplication in 8.97 seconds (process running for 9.96)
[2026-05-28 07:38:25] [INFO] [org.apache.catalina.core.ContainerBase.[Tomcat].[localhost].[/]] - Initializing Spring DispatcherServlet 'dispatcherServlet'
[2026-05-28 07:38:25] [INFO] [org.springframework.web.servlet.DispatcherServlet] - Initializing Servlet 'dispatcherServlet'
[2026-05-28 07:38:25] [INFO] [org.springframework.web.servlet.DispatcherServlet] - Completed initialization in 9 ms
[2026-05-28 07:38:26] [INFO] [org.example.kt.aspect.BookServiceAspect] - Method: createBook called with args: [Book(id=null, title=Java Core, author=Nguyen Van A, category=Programming, quantity=10)]
[2026-05-28 07:38:26] [INFO] [org.example.kt.service.impl.BookServiceImpl] - Thêm sách thành công
[2026-05-28 07:38:26] [INFO] [org.example.kt.aspect.BookServiceAspect] - Method: createBook returned: Book(id=3, title=Java Core, author=Nguyen Van A, category=Programming, quantity=10)
[2026-05-28 07:38:34] [INFO] [org.example.kt.aspect.BookServiceAspect] - Method: getAllBooks called with args: []
[2026-05-28 07:38:34] [INFO] [org.example.kt.service.impl.BookServiceImpl] - Lấy tất cả sách thành công
[2026-05-28 07:38:34] [INFO] [org.example.kt.aspect.BookServiceAspect] - Method: getAllBooks returned: [Book(id=1, title=jnksdn, author=null, category=truyện, quantity=5), Book(id=2, title=kaldh, author=null, category=cổ tích, quantity=10), Book(id=3, title=Java Core, author=Nguyen Van A, category=Programming, quantity=10)]
[2026-05-28 07:38:49] [INFO] [org.example.kt.aspect.BookServiceAspect] - Method: deleteBook called with args: [1]
[2026-05-28 07:38:49] [INFO] [org.example.kt.service.impl.BookServiceImpl] - Xóa sách thành công
[2026-05-28 07:38:49] [INFO] [org.example.kt.aspect.BookServiceAspect] - Method: deleteBook returned: null
[2026-05-28 07:39:27] [INFO] [org.example.kt.aspect.BookServiceAspect] - Method: deleteBook called with args: [2]
[2026-05-28 07:39:27] [INFO] [org.example.kt.service.impl.BookServiceImpl] - Xóa sách thành công
[2026-05-28 07:39:27] [INFO] [org.example.kt.aspect.BookServiceAspect] - Method: deleteBook returned: null
[2026-05-28 07:39:38] [INFO] [org.example.kt.aspect.BookServiceAspect] - Method: getAllBooks called with args: []
[2026-05-28 07:39:38] [INFO] [org.example.kt.service.impl.BookServiceImpl] - Lấy tất cả sách thành công
[2026-05-28 07:39:38] [INFO] [org.example.kt.aspect.BookServiceAspect] - Method: getAllBooks returned: [Book(id=3, title=Java Core, author=Nguyen Van A, category=Programming, quantity=10)]
[2026-05-28 07:44:51] [INFO] [org.springframework.boot.tomcat.GracefulShutdown] - Commencing graceful shutdown. Waiting for active requests to complete
[2026-05-28 07:44:51] [INFO] [org.springframework.boot.tomcat.GracefulShutdown] - Graceful shutdown complete
[2026-05-28 07:44:51] [INFO] [org.springframework.orm.jpa.LocalContainerEntityManagerFactoryBean] - Closing JPA EntityManagerFactory for persistence unit 'default'
[2026-05-28 07:44:51] [INFO] [com.zaxxer.hikari.HikariDataSource] - HikariPool-1 - Shutdown initiated...
[2026-05-28 07:44:51] [INFO] [com.zaxxer.hikari.HikariDataSource] - HikariPool-1 - Shutdown completed.
